#
# There is insufficient memory for the Java Runtime Environment to continue.
# Native memory allocation (mmap) failed to map 266338304 bytes. Error detail: G1 virtual space
# Possible reasons:
#   The system is out of physical RAM or swap space
#   This process is running with CompressedOops enabled, and the Java Heap may be blocking the growth of the native heap
# Possible solutions:
#   Reduce memory load on the system
#   Increase physical memory or swap space
#   Check if swap backing store is full
#   Decrease Java heap size (-Xmx/-Xms)
#   Decrease number of Java threads
#   Decrease Java thread stack sizes (-Xss)
#   Set larger code cache with -XX:ReservedCodeCacheSize=
#   JVM is running with Zero Based Compressed Oops mode in which the Java heap is
#     placed in the first 32GB address space. The Java Heap base address is the
#     maximum limit for the native heap growth. Please use -XX:HeapBaseMinAddress
#     to set the Java Heap base and to place the Java Heap above 32GB virtual address.
# This output file may be truncated or incomplete.
#
#  Out of Memory Error (os_windows.cpp:3830), pid=31416, tid=36536
#
# JRE version:  (17.0.14+1) (build )
# Java VM: OpenJDK 64-Bit Server VM (17.0.14+1-b1367.22, mixed mode, sharing, tiered, compressed oops, compressed class ptrs, g1 gc, windows-amd64)
# No core dump will be written. Minidumps are not enabled by default on client versions of Windows
#

---------------  S U M M A R Y ------------

Command Line: --module-path=C:\Users\sajaa\.m2\repository\org\openjfx\javafx-base\21.0.2\javafx-base-21.0.2-win.jar;C:\Users\sajaa\.m2\repository\org\openjfx\javafx-base\21.0.2\javafx-base-21.0.2.jar;C:\Users\sajaa\.m2\repository\org\openjfx\javafx-controls\21.0.2\javafx-controls-21.0.2-win.jar;C:\Users\sajaa\.m2\repository\org\openjfx\javafx-controls\21.0.2\javafx-controls-21.0.2.jar;C:\Users\sajaa\.m2\repository\org\openjfx\javafx-fxml\21.0.2\javafx-fxml-21.0.2-win.jar;C:\Users\sajaa\.m2\repository\org\openjfx\javafx-fxml\21.0.2\javafx-fxml-21.0.2.jar;C:\Users\sajaa\.m2\repository\org\openjfx\javafx-graphics\21.0.2\javafx-graphics-21.0.2-win.jar;C:\Users\sajaa\.m2\repository\org\openjfx\javafx-graphics\21.0.2\javafx-graphics-21.0.2.jar;C:\Users\sajaa\.m2\repository\org\openjfx\javafx-media\17.0.2\javafx-media-17.0.2-win.jar;C:\Users\sajaa\.m2\repository\org\openjfx\javafx-media\17.0.2\javafx-media-17.0.2.jar;C:\Users\sajaa\.m2\repository\org\openjfx\javafx-web\17.0.2\javafx-web-17.0.2-win.jar;C:\Users\sajaa\.m2\repository\org\openjfx\javafx-web\17.0.2\javafx-web-17.0.2.jar --add-modules=javafx.base,javafx.controls,javafx.fxml,javafx.graphics,javafx.media,javafx.web tn.esprit.test.MainFX

Host: Intel(R) Core(TM) i7-10750H CPU @ 2.60GHz, 12 cores, 15G,  Windows 11 , 64 bit Build 26100 (10.0.26100.3323)
Time: Wed Apr 16 14:39:53 2025 W. Central Africa Standard Time elapsed time: 0.010049 seconds (0d 0h 0m 0s)

---------------  T H R E A D  ---------------

Current thread (0x000001c8df769b60):  JavaThread "Unknown thread" [_thread_in_vm, id=36536, stack(0x0000004b2ad00000,0x0000004b2ae00000)]

Stack: [0x0000004b2ad00000,0x0000004b2ae00000]
Native frames: (J=compiled Java code, j=interpreted, Vv=VM code, C=native code)
V  [jvm.dll+0x68b969]  os::platform_print_native_stack+0xd9  (os_windows_x86.cpp:235)
V  [jvm.dll+0x84572a]  VMError::report+0xc6a  (vmError.cpp:868)
V  [jvm.dll+0x8473ae]  VMError::report_and_die+0x78e  (vmError.cpp:1766)
V  [jvm.dll+0x847a13]  VMError::report_and_die+0x43  (vmError.cpp:1552)
V  [jvm.dll+0x24a83f]  report_vm_out_of_memory+0x8f  (debug.cpp:321)
V  [jvm.dll+0x688629]  os::pd_commit_memory_or_exit+0xc9  (os_windows.cpp:3838)
V  [jvm.dll+0x67cf3a]  os::commit_memory_or_exit+0x2a  (os.cpp:1768)
V  [jvm.dll+0x30b83b]  G1PageBasedVirtualSpace::commit+0x19b  (g1PageBasedVirtualSpace.cpp:204)
V  [jvm.dll+0x312d26]  G1RegionsLargerThanCommitSizeMapper::commit_regions+0x96  (g1RegionToSpaceMapper.cpp:100)
V  [jvm.dll+0x3630fe]  HeapRegionManager::expand_any+0xee  (heapRegionManager.cpp:363)
V  [jvm.dll+0x36333f]  HeapRegionManager::expand_by+0x7f  (heapRegionManager.cpp:380)
V  [jvm.dll+0x2e18cc]  G1CollectedHeap::expand+0xbc  (g1CollectedHeap.cpp:1292)
V  [jvm.dll+0x2e2824]  G1CollectedHeap::initialize+0x664  (g1CollectedHeap.cpp:1713)
V  [jvm.dll+0x815ffb]  universe_init+0xbb  (universe.cpp:737)
V  [jvm.dll+0x370e88]  init_globals+0x48  (init.cpp:131)
V  [jvm.dll+0x7f4875]  Threads::create_vm+0x5e5  (thread.cpp:2909)
V  [jvm.dll+0x3f54ef]  JNI_CreateJavaVM_inner+0x8f  (jni.cpp:3654)
V  [jvm.dll+0x3f70c1]  JNI_CreateJavaVM+0x11  (jni.cpp:3746)
C  [jli.dll+0x52ab]  JavaMain+0x113  (java.c:413)
C  [ucrtbase.dll+0x37b0]
C  [KERNEL32.DLL+0x2e8d7]
C  [ntdll.dll+0xbbf6c]


---------------  P R O C E S S  ---------------

Threads class SMR info:
_java_thread_list=0x00007ffce91f9018, length=0, elements={
}

Java Threads: ( => current thread )

Other Threads:
  0x000001c8df7d8090 GCTaskThread "GC Thread#0" [stack: 0x0000004b2ae00000,0x0000004b2af00000] [id=35748]
  0x000001c8df7e9840 ConcurrentGCThread "G1 Main Marker" [stack: 0x0000004b2af00000,0x0000004b2b000000] [id=16008]
  0x000001c8df7ea900 ConcurrentGCThread "G1 Conc#0" [stack: 0x0000004b2b000000,0x0000004b2b100000] [id=32176]

[error occurred during error reporting (printing all threads), id 0xc0000005, EXCEPTION_ACCESS_VIOLATION (0xc0000005) at pc=0x00007ffce89a2197]

VM state: not at safepoint (not fully initialized)

VM Mutex/Monitor currently owned by a thread:  ([mutex/lock_event])
[0x000001c8ddc2bc80] Heap_lock - owner thread: 0x000001c8df769b60

Heap address: 0x0000000703600000, size: 4042 MB, Compressed Oops mode: Zero based, Oop shift amount: 3

CDS archive(s) mapped at: [0x0000000000000000-0x0000000000000000-0x0000000000000000), size 0, SharedBaseAddress: 0x0000000800000000, ArchiveRelocationMode: 1.
Narrow klass base: 0x0000000000000000, Narrow klass shift: 0, Narrow klass range: 0x0

GC Precious Log:
<Empty>

Heap:
 garbage-first heap   total 0K, used 0K [0x0000000703600000, 0x0000000800000000)
  region size 2048K, 0 young (0K), 0 survivors (0K)
 Metaspace       used 0K, committed 0K, reserved 0K
  class space    used 0K, committed 0K, reserved 0K

Heap Regions: E=young(eden), S=young(survivor), O=old, HS=humongous(starts), HC=humongous(continues), CS=collection set, F=free, OA=open archive, CA=closed archive, TAMS=top-at-mark-start (previous, next)

Card table byte_map: [0x000001c8f3480000,0x000001c8f3c70000] _byte_map_base: 0x000001c8efc65000

Marking Bits (Prev, Next): (CMBitMap*) 0x000001c8df7d85b0, (CMBitMap*) 0x000001c8df7d85f0
 Prev Bits: [0x000001c8f4460000, 0x000001c8f8388000)
 Next Bits: [0x000001c8f8390000, 0x000001c8fc2b8000)

GC Heap History (0 events):
No events

Dll operation events (1 events):
Event: 0.006 Loaded shared library C:\Users\sajaa\.jdks\jbr-17.0.14\bin\java.dll

Deoptimization events (0 events):
No events

Classes loaded (0 events):
No events

Classes unloaded (0 events):
No events

Classes redefined (0 events):
No events

Internal exceptions (0 events):
No events

VM Operations (0 events):
No events

Memory protections (0 events):
No events

Nmethod flushes (0 events):
No events

Events (0 events):
No events


Dynamic libraries:
0x00007ff6e8790000 - 0x00007ff6e879a000 	C:\Users\sajaa\.jdks\jbr-17.0.14\bin\java.exe
0x00007ffd75c40000 - 0x00007ffd75ea3000 	C:\WINDOWS\SYSTEM32\ntdll.dll
0x00007ffd74090000 - 0x00007ffd74157000 	C:\WINDOWS\System32\KERNEL32.DLL
0x00007ffd73270000 - 0x00007ffd73639000 	C:\WINDOWS\System32\KERNELBASE.dll
0x00007ffd73120000 - 0x00007ffd7326c000 	C:\WINDOWS\System32\ucrtbase.dll
0x00007ffd53200000 - 0x00007ffd53217000 	C:\Users\sajaa\.jdks\jbr-17.0.14\bin\jli.dll
0x00007ffd4a6a0000 - 0x00007ffd4a6bb000 	C:\Users\sajaa\.jdks\jbr-17.0.14\bin\VCRUNTIME140.dll
0x00007ffd73a60000 - 0x00007ffd73c2a000 	C:\WINDOWS\System32\USER32.dll
0x00007ffd72ed0000 - 0x00007ffd72ef7000 	C:\WINDOWS\System32\win32u.dll
0x00007ffd56ad0000 - 0x00007ffd56d60000 	C:\WINDOWS\WinSxS\amd64_microsoft.windows.common-controls_6595b64144ccf1df_6.0.26100.3323_none_3e088096e3344490\COMCTL32.dll
0x00007ffd75af0000 - 0x00007ffd75b1a000 	C:\WINDOWS\System32\GDI32.dll
0x00007ffd74ad0000 - 0x00007ffd74b79000 	C:\WINDOWS\System32\msvcrt.dll
0x00007ffd73920000 - 0x00007ffd73a51000 	C:\WINDOWS\System32\gdi32full.dll
0x00007ffd73070000 - 0x00007ffd73113000 	C:\WINDOWS\System32\msvcp_win.dll
0x00007ffd759b0000 - 0x00007ffd759df000 	C:\WINDOWS\System32\IMM32.DLL
0x00007ffd70950000 - 0x00007ffd7095c000 	C:\Users\sajaa\.jdks\jbr-17.0.14\bin\vcruntime140_1.dll
0x00007ffd259d0000 - 0x00007ffd25a5d000 	C:\Users\sajaa\.jdks\jbr-17.0.14\bin\msvcp140.dll
0x00007ffce86b0000 - 0x00007ffce933e000 	C:\Users\sajaa\.jdks\jbr-17.0.14\bin\server\jvm.dll
0x00007ffd75b40000 - 0x00007ffd75bf2000 	C:\WINDOWS\System32\ADVAPI32.dll
0x00007ffd749a0000 - 0x00007ffd74a46000 	C:\WINDOWS\System32\sechost.dll
0x00007ffd74160000 - 0x00007ffd74276000 	C:\WINDOWS\System32\RPCRT4.dll
0x00007ffd74f80000 - 0x00007ffd74ff4000 	C:\WINDOWS\System32\WS2_32.dll
0x00007ffd71af0000 - 0x00007ffd71b3e000 	C:\WINDOWS\SYSTEM32\POWRPROF.dll
0x00007ffd5e4d0000 - 0x00007ffd5e506000 	C:\WINDOWS\SYSTEM32\WINMM.dll
0x00007ffd708e0000 - 0x00007ffd708eb000 	C:\WINDOWS\SYSTEM32\VERSION.dll
0x00007ffd71ad0000 - 0x00007ffd71ae4000 	C:\WINDOWS\SYSTEM32\UMPDC.dll
0x00007ffd71d70000 - 0x00007ffd71d8a000 	C:\WINDOWS\SYSTEM32\kernel.appcore.dll
0x00007ffd538c0000 - 0x00007ffd538ca000 	C:\Users\sajaa\.jdks\jbr-17.0.14\bin\jimage.dll
0x00007ffd6bce0000 - 0x00007ffd6bf21000 	C:\WINDOWS\SYSTEM32\DBGHELP.DLL
0x00007ffd75620000 - 0x00007ffd759a2000 	C:\WINDOWS\System32\combase.dll
0x00007ffd74dd0000 - 0x00007ffd74ea6000 	C:\WINDOWS\System32\OLEAUT32.dll
0x00007ffd51720000 - 0x00007ffd51759000 	C:\WINDOWS\SYSTEM32\dbgcore.DLL
0x00007ffd737c0000 - 0x00007ffd73859000 	C:\WINDOWS\System32\bcryptPrimitives.dll
0x00007ffd470b0000 - 0x00007ffd470d5000 	C:\Users\sajaa\.jdks\jbr-17.0.14\bin\java.dll

dbghelp: loaded successfully - version: 4.0.5 - missing functions: none
symbol engine: initialized successfully - sym options: 0x614 - pdb path: .;C:\Users\sajaa\.jdks\jbr-17.0.14\bin;C:\WINDOWS\SYSTEM32;C:\WINDOWS\WinSxS\amd64_microsoft.windows.common-controls_6595b64144ccf1df_6.0.26100.3323_none_3e088096e3344490;C:\Users\sajaa\.jdks\jbr-17.0.14\bin\server

VM Arguments:
jvm_args: --module-path=C:\Users\sajaa\.m2\repository\org\openjfx\javafx-base\21.0.2\javafx-base-21.0.2-win.jar;C:\Users\sajaa\.m2\repository\org\openjfx\javafx-base\21.0.2\javafx-base-21.0.2.jar;C:\Users\sajaa\.m2\repository\org\openjfx\javafx-controls\21.0.2\javafx-controls-21.0.2-win.jar;C:\Users\sajaa\.m2\repository\org\openjfx\javafx-controls\21.0.2\javafx-controls-21.0.2.jar;C:\Users\sajaa\.m2\repository\org\openjfx\javafx-fxml\21.0.2\javafx-fxml-21.0.2-win.jar;C:\Users\sajaa\.m2\repository\org\openjfx\javafx-fxml\21.0.2\javafx-fxml-21.0.2.jar;C:\Users\sajaa\.m2\repository\org\openjfx\javafx-graphics\21.0.2\javafx-graphics-21.0.2-win.jar;C:\Users\sajaa\.m2\repository\org\openjfx\javafx-graphics\21.0.2\javafx-graphics-21.0.2.jar;C:\Users\sajaa\.m2\repository\org\openjfx\javafx-media\17.0.2\javafx-media-17.0.2-win.jar;C:\Users\sajaa\.m2\repository\org\openjfx\javafx-media\17.0.2\javafx-media-17.0.2.jar;C:\Users\sajaa\.m2\repository\org\openjfx\javafx-web\17.0.2\javafx-web-17.0.2-win.jar;C:\Users\sajaa\.m2\repository\org\openjfx\javafx-web\17.0.2\javafx-web-17.0.2.jar --add-modules=javafx.base,javafx.controls,javafx.fxml,javafx.graphics,javafx.media,javafx.web 
java_command: tn.esprit.test.MainFX
java_class_path (initial): C:\Users\sajaa\IdeaProjects\CRud Article\target\classes;C:\Users\sajaa\.m2\repository\com\google\protobuf\protobuf-java\3.21.9\protobuf-java-3.21.9.jar;C:\Users\sajaa\.m2\repository\com\mysql\mysql-connector-j\8.0.33\mysql-connector-j-8.0.33.jar
Launcher Type: SUN_STANDARD

[Global flags]
     intx CICompilerCount                          = 4                                         {product} {ergonomic}
     uint ConcGCThreads                            = 3                                         {product} {ergonomic}
     uint G1ConcRefinementThreads                  = 10                                        {product} {ergonomic}
   size_t G1HeapRegionSize                         = 2097152                                   {product} {ergonomic}
    uintx GCDrainStackTargetSize                   = 64                                        {product} {ergonomic}
   size_t InitialHeapSize                          = 266338304                                 {product} {ergonomic}
   size_t MarkStackSize                            = 4194304                                   {product} {ergonomic}
   size_t MaxHeapSize                              = 4238344192                                {product} {ergonomic}
   size_t MinHeapDeltaBytes                        = 2097152                                   {product} {ergonomic}
   size_t MinHeapSize                              = 8388608                                   {product} {ergonomic}
    uintx NonNMethodCodeHeapSize                   = 5839372                                {pd product} {ergonomic}
    uintx NonProfiledCodeHeapSize                  = 122909434                              {pd product} {ergonomic}
    uintx ProfiledCodeHeapSize                     = 122909434                              {pd product} {ergonomic}
    uintx ReservedCodeCacheSize                    = 251658240                              {pd product} {ergonomic}
     bool SegmentedCodeCache                       = true                                      {product} {ergonomic}
   size_t SoftMaxHeapSize                          = 4238344192                             {manageable} {ergonomic}
     bool UseCompressedClassPointers               = true                           {product lp64_product} {ergonomic}
     bool UseCompressedOops                        = true                           {product lp64_product} {ergonomic}
     bool UseG1GC                                  = true                                      {product} {ergonomic}
     bool UseLargePagesIndividualAllocation        = false                                  {pd product} {ergonomic}

Logging:
Log output configuration:
 #0: stdout all=warning uptime,level,tags
 #1: stderr all=off uptime,level,tags

Environment Variables:
JAVA_HOME=C:\java\bin
PATH=C:\oraclexe\app\oracle\product\10.2.0\server\bin;C:\Program Files (x86)\VMware\VMware Workstation\bin\;C:\Windows\System32;C:\xampp\php;C:\composer;C:\Program Files\Git\cmd;%SystemRoot%\system32;%SystemRoot%;%SystemRoot%\System32\Wbem;%SYSTEMROOT%\System32\WindowsPowerShell\v1.0\;%SYSTEMROOT%\System32\OpenSSH\;C:\Users\sajaa\scoop\shims;C:\Users\sajaa\AppData\Local\Microsoft\WindowsApps;C:\Users\sajaa\AppData\Local\Programs\Microsoft VS Code\bin;C:\Users\sajaa\AppData\Local\Programs\mongosh\;C:\Program Files\JetBrains\PyCharm 2023.2.3\bin;;C:\Users\sajaa\AppData\Roaming\Composer\vendor\bin;C:\Users\sajaa\AppData\Roaming\nvm;C:\Program Files\nodejs;C:\Users\sajaa\AppData\Roaming\npm;C:\Users\sajaa\AppData\Local\GitHubDesktop\bin;C:\Users\sajaa\.dotnet\tools;C:\Users\sajaa\AppData\Local\Programs\cursor\resources\app\bin
USERNAME=sajaa
OS=Windows_NT
PROCESSOR_IDENTIFIER=Intel64 Family 6 Model 165 Stepping 2, GenuineIntel
TMP=C:\Users\sajaa\AppData\Local\Temp
TEMP=C:\Users\sajaa\AppData\Local\Temp



Periodic native trim disabled

JNI global refs:
JNI global refs: 0, weak refs: 0

JNI global refs memory usage: 0, weak refs: 0

Process memory usage:
Resident Set Size: 51564K (0% of 16547956K total physical memory with 670656K free physical memory)

OOME stack traces (most recent first):
Classloader memory used:


---------------  S Y S T E M  ---------------

OS:
 Windows 11 , 64 bit Build 26100 (10.0.26100.3323)
OS uptime: 14 days 0:22 hours

CPU: total 12 (initial active 12) (6 cores per cpu, 2 threads per core) family 6 model 165 stepping 2 microcode 0xf0, cx8, cmov, fxsr, ht, mmx, 3dnowpref, sse, sse2, sse3, ssse3, sse4.1, sse4.2, popcnt, lzcnt, tsc, tscinvbit, avx, avx2, aes, erms, clmul, bmi1, bmi2, adx, fma, vzeroupper, clflush, clflushopt
Processor Information for all 12 processors :
  Max Mhz: 2592, Current Mhz: 2592, Mhz Limit: 2592

Memory: 4k page, system-wide physical 16160M (654M free)
TotalPageFile size 45595M (AvailPageFile size 121M)
current process WorkingSet (physical memory assigned to process): 50M, peak: 50M
current process commit charge ("private bytes"): 102M, peak: 318M

vm_info: OpenJDK 64-Bit Server VM (17.0.14+1-b1367.22) for windows-amd64 JRE (17.0.14+1-b1367.22), built on 2025-01-30 by "builduser" with MS VC++ 16.10 / 16.11 (VS2019)

END.
